[mohammadyasociados.ar/index.html]
[backblue.gif]
[fade.gif]
[index.html]
[mohammadyasociados.ar/css/site.css]
[mohammadyasociados.ar/favicon.ico]
[mohammadyasociados.ar/index.html]
[cdn.jsdelivr.net/npm/bootstrap-icons@1.5.0/font/bootstrap-icons.css]
[mohammadyasociados.ar/js/app.js]
[mohammadyasociados.ar/css/site.css]
[mohammadyasociados.ar/register.html]
[mohammadyasociados.ar/images/equipo/rocio-mohammad.jpg]
[mohammadyasociados.ar/images/equipo/pablo-molina.jpg]
[mohammadyasociados.ar/login.html]
[cdn.jsdelivr.net/npm/bootstrap-icons@1.5.0/font/bootstrap-icons.css]
[mohammadyasociados.ar/images/logo.svg]
[mohammadyasociados.ar/login.html]
[cdn.jsdelivr.net/npm/bootstrap-icons@1.5.0/font/fonts/bootstrap-icons63f3.woff2]
[mohammadyasociados.ar/register.html]
[cdn.jsdelivr.net/npm/bootstrap-icons@1.5.0/font/fonts/bootstrap-icons63f3.woff]
[mohammadyasociados.ar/livewire/livewire9bad.js]
[mohammadyasociados.ar/images/equipo/federico-guizzo.jpg]
[mohammadyasociados.ar/images/bg-headerda0d.jpg]
[mohammadyasociados.ar/password/reset.html]
[mohammadyasociados.ar/images/logo-circulo.svg]
[mohammadyasociados.ar/password/reset.html]
